<?xml version="1.0" encoding="UTF-8"?>
<coverage generated="1522147378424" clover="3.2.0">
  <project timestamp="1522147378424" name="All files">
    <metrics statements="122" coveredstatements="92" conditionals="18" coveredconditionals="13" methods="49" coveredmethods="24" elements="189" coveredelements="129" complexity="0" loc="122" ncloc="122" packages="3" files="5" classes="5">
      <package name="git">
        <metrics statements="38" coveredstatements="27" conditionals="6" coveredconditionals="5" methods="23" coveredmethods="12"/>
        <file name="models.js" path="/Users/mrzgmac/programming/dz4/git/models.js">
          <metrics statements="38" coveredstatements="27" conditionals="6" coveredconditionals="5" methods="23" coveredmethods="12"/>
          <line num="1" count="3" type="stmt"/>
          <line num="5" count="39" type="stmt"/>
          <line num="6" count="39" type="stmt"/>
          <line num="10" count="0" type="stmt"/>
          <line num="14" count="0" type="stmt"/>
          <line num="20" count="6" type="stmt"/>
          <line num="21" count="6" type="stmt"/>
          <line num="22" count="6" type="stmt"/>
          <line num="26" count="0" type="stmt"/>
          <line num="30" count="2" type="stmt"/>
          <line num="34" count="0" type="stmt"/>
          <line num="45" count="24" type="stmt"/>
          <line num="46" count="24" type="stmt"/>
          <line num="47" count="24" type="stmt"/>
          <line num="48" count="24" type="stmt"/>
          <line num="49" count="24" type="stmt"/>
          <line num="53" count="0" type="stmt"/>
          <line num="57" count="0" type="stmt"/>
          <line num="61" count="0" type="stmt"/>
          <line num="65" count="0" type="stmt"/>
          <line num="69" count="1" type="stmt"/>
          <line num="88" count="9" type="stmt"/>
          <line num="89" count="9" type="stmt"/>
          <line num="90" count="9" type="stmt"/>
          <line num="91" count="9" type="stmt"/>
          <line num="92" count="9" type="stmt"/>
          <line num="93" count="9" type="stmt"/>
          <line num="94" count="9" type="stmt"/>
          <line num="98" count="0" type="stmt"/>
          <line num="102" count="90" type="stmt"/>
          <line num="106" count="9" type="stmt"/>
          <line num="110" count="95" type="stmt"/>
          <line num="114" count="9" type="stmt"/>
          <line num="118" count="0" type="stmt"/>
          <line num="122" count="3" type="stmt"/>
          <line num="126" count="9" type="stmt"/>
          <line num="130" count="0" type="stmt"/>
          <line num="143" count="3" type="stmt"/>
        </file>
      </package>
      <package name="git.helpers">
        <metrics statements="65" coveredstatements="56" conditionals="8" coveredconditionals="8" methods="16" coveredmethods="12"/>
        <file name="branch.js" path="/Users/mrzgmac/programming/dz4/git/helpers/branch.js">
          <metrics statements="18" coveredstatements="16" conditionals="2" coveredconditionals="2" methods="4" coveredmethods="3"/>
          <line num="1" count="1" type="stmt"/>
          <line num="3" count="1" type="stmt"/>
          <line num="5" count="1" type="stmt"/>
          <line num="6" count="6" type="stmt"/>
          <line num="7" count="6" type="stmt"/>
          <line num="8" count="6" type="cond" truecount="2" falsecount="0"/>
          <line num="9" count="3" type="stmt"/>
          <line num="10" count="3" type="stmt"/>
          <line num="12" count="3" type="stmt"/>
          <line num="13" count="3" type="stmt"/>
          <line num="16" count="1" type="stmt"/>
          <line num="17" count="3" type="stmt"/>
          <line num="18" count="3" type="stmt"/>
          <line num="19" count="3" type="stmt"/>
          <line num="22" count="1" type="stmt"/>
          <line num="23" count="0" type="stmt"/>
          <line num="24" count="0" type="stmt"/>
          <line num="27" count="1" type="stmt"/>
        </file>
        <file name="log.js" path="/Users/mrzgmac/programming/dz4/git/helpers/log.js">
          <metrics statements="14" coveredstatements="11" conditionals="0" coveredconditionals="0" methods="3" coveredmethods="2"/>
          <line num="1" count="1" type="stmt"/>
          <line num="2" count="1" type="stmt"/>
          <line num="4" count="1" type="stmt"/>
          <line num="5" count="24" type="stmt"/>
          <line num="6" count="24" type="stmt"/>
          <line num="9" count="1" type="stmt"/>
          <line num="10" count="3" type="stmt"/>
          <line num="11" count="3" type="stmt"/>
          <line num="12" count="3" type="stmt"/>
          <line num="15" count="1" type="stmt"/>
          <line num="16" count="0" type="stmt"/>
          <line num="17" count="0" type="stmt"/>
          <line num="18" count="0" type="stmt"/>
          <line num="21" count="1" type="stmt"/>
        </file>
        <file name="lstree.js" path="/Users/mrzgmac/programming/dz4/git/helpers/lstree.js">
          <metrics statements="33" coveredstatements="29" conditionals="6" coveredconditionals="6" methods="9" coveredmethods="7"/>
          <line num="1" count="1" type="stmt"/>
          <line num="2" count="1" type="stmt"/>
          <line num="4" count="1" type="stmt"/>
          <line num="6" count="1" type="stmt"/>
          <line num="7" count="9" type="stmt"/>
          <line num="8" count="9" type="stmt"/>
          <line num="9" count="9" type="stmt"/>
          <line num="10" count="9" type="cond" truecount="2" falsecount="0"/>
          <line num="11" count="9" type="stmt"/>
          <line num="14" count="1" type="stmt"/>
          <line num="15" count="1" type="stmt"/>
          <line num="16" count="27" type="stmt"/>
          <line num="17" count="3" type="stmt"/>
          <line num="19" count="1" type="stmt"/>
          <line num="20" count="63" type="stmt"/>
          <line num="21" count="9" type="cond" truecount="2" falsecount="0"/>
          <line num="23" count="1" type="stmt"/>
          <line num="24" count="1" type="stmt"/>
          <line num="25" count="1" type="stmt"/>
          <line num="26" count="9" type="stmt"/>
          <line num="27" count="9" type="cond" truecount="2" falsecount="0"/>
          <line num="28" count="3" type="stmt"/>
          <line num="29" count="3" type="stmt"/>
          <line num="31" count="9" type="stmt"/>
          <line num="32" count="9" type="stmt"/>
          <line num="34" count="1" type="stmt"/>
          <line num="37" count="1" type="stmt"/>
          <line num="38" count="0" type="stmt"/>
          <line num="39" count="0" type="stmt"/>
          <line num="42" count="1" type="stmt"/>
          <line num="43" count="0" type="stmt"/>
          <line num="44" count="0" type="stmt"/>
          <line num="47" count="1" type="stmt"/>
        </file>
      </package>
      <package name="utils">
        <metrics statements="19" coveredstatements="9" conditionals="4" coveredconditionals="0" methods="10" coveredmethods="0"/>
        <file name="utils.js" path="/Users/mrzgmac/programming/dz4/utils/utils.js">
          <metrics statements="19" coveredstatements="9" conditionals="4" coveredconditionals="0" methods="10" coveredmethods="0"/>
          <line num="1" count="3" type="stmt"/>
          <line num="2" count="3" type="stmt"/>
          <line num="3" count="3" type="stmt"/>
          <line num="5" count="3" type="stmt"/>
          <line num="6" count="0" type="stmt"/>
          <line num="7" count="0" type="stmt"/>
          <line num="8" count="0" type="cond" truecount="0" falsecount="2"/>
          <line num="9" count="0" type="stmt"/>
          <line num="11" count="0" type="stmt"/>
          <line num="15" count="3" type="stmt"/>
          <line num="16" count="0" type="stmt"/>
          <line num="17" count="0" type="stmt"/>
          <line num="18" count="0" type="cond" truecount="0" falsecount="2"/>
          <line num="19" count="0" type="stmt"/>
          <line num="21" count="0" type="stmt"/>
          <line num="25" count="3" type="stmt"/>
          <line num="26" count="3" type="stmt"/>
          <line num="27" count="3" type="stmt"/>
          <line num="29" count="3" type="stmt"/>
        </file>
      </package>
    </metrics>
  </project>
</coverage>
