{"/Users/mrzgmac/programming/dz4/git/models.js": {"path":"/Users/mrzgmac/programming/dz4/git/models.js","statementMap":{"0":{"start":{"line":1,"column":15},"end":{"line":1,"column":32}},"1":{"start":{"line":5,"column":4},"end":{"line":5,"column":21}},"2":{"start":{"line":6,"column":4},"end":{"line":6,"column":21}},"3":{"start":{"line":10,"column":4},"end":{"line":10,"column":21}},"4":{"start":{"line":14,"column":4},"end":{"line":14,"column":21}},"5":{"start":{"line":20,"column":4},"end":{"line":20,"column":26}},"6":{"start":{"line":21,"column":4},"end":{"line":21,"column":21}},"7":{"start":{"line":22,"column":4},"end":{"line":22,"column":31}},"8":{"start":{"line":26,"column":4},"end":{"line":26,"column":26}},"9":{"start":{"line":30,"column":4},"end":{"line":30,"column":21}},"10":{"start":{"line":34,"column":4},"end":{"line":39,"column":6}},"11":{"start":{"line":45,"column":4},"end":{"line":45,"column":26}},"12":{"start":{"line":46,"column":4},"end":{"line":46,"column":25}},"13":{"start":{"line":47,"column":4},"end":{"line":47,"column":34}},"14":{"start":{"line":48,"column":4},"end":{"line":48,"column":27}},"15":{"start":{"line":49,"column":4},"end":{"line":49,"column":21}},"16":{"start":{"line":53,"column":4},"end":{"line":53,"column":23}},"17":{"start":{"line":57,"column":4},"end":{"line":57,"column":21}},"18":{"start":{"line":61,"column":4},"end":{"line":61,"column":24}},"19":{"start":{"line":65,"column":4},"end":{"line":65,"column":21}},"20":{"start":{"line":69,"column":4},"end":{"line":75,"column":6}},"21":{"start":{"line":88,"column":4},"end":{"line":88,"column":24}},"22":{"start":{"line":89,"column":4},"end":{"line":89,"column":33}},"23":{"start":{"line":90,"column":4},"end":{"line":90,"column":25}},"24":{"start":{"line":91,"column":4},"end":{"line":91,"column":27}},"25":{"start":{"line":92,"column":4},"end":{"line":92,"column":21}},"26":{"start":{"line":93,"column":4},"end":{"line":93,"column":19}},"27":{"start":{"line":94,"column":4},"end":{"line":94,"column":29}},"28":{"start":{"line":98,"column":4},"end":{"line":98,"column":23}},"29":{"start":{"line":102,"column":4},"end":{"line":102,"column":27}},"30":{"start":{"line":106,"column":4},"end":{"line":106,"column":24}},"31":{"start":{"line":110,"column":4},"end":{"line":110,"column":21}},"32":{"start":{"line":114,"column":4},"end":{"line":114,"column":20}},"33":{"start":{"line":118,"column":4},"end":{"line":118,"column":25}},"34":{"start":{"line":122,"column":4},"end":{"line":122,"column":29}},"35":{"start":{"line":126,"column":4},"end":{"line":126,"column":25}},"36":{"start":{"line":130,"column":4},"end":{"line":139,"column":6}},"37":{"start":{"line":143,"column":0},"end":{"line":148,"column":2}}},"fnMap":{"0":{"name":"(anonymous_0)","decl":{"start":{"line":4,"column":2},"end":{"line":4,"column":3}},"loc":{"start":{"line":4,"column":38},"end":{"line":7,"column":3}},"line":4},"1":{"name":"(anonymous_1)","decl":{"start":{"line":9,"column":2},"end":{"line":9,"column":3}},"loc":{"start":{"line":9,"column":12},"end":{"line":11,"column":3}},"line":9},"2":{"name":"(anonymous_2)","decl":{"start":{"line":13,"column":2},"end":{"line":13,"column":3}},"loc":{"start":{"line":13,"column":12},"end":{"line":15,"column":3}},"line":13},"3":{"name":"(anonymous_3)","decl":{"start":{"line":19,"column":2},"end":{"line":19,"column":3}},"loc":{"start":{"line":19,"column":37},"end":{"line":23,"column":3}},"line":19},"4":{"name":"(anonymous_4)","decl":{"start":{"line":25,"column":2},"end":{"line":25,"column":3}},"loc":{"start":{"line":25,"column":14},"end":{"line":27,"column":3}},"line":25},"5":{"name":"(anonymous_5)","decl":{"start":{"line":29,"column":2},"end":{"line":29,"column":3}},"loc":{"start":{"line":29,"column":18},"end":{"line":31,"column":3}},"line":29},"6":{"name":"(anonymous_6)","decl":{"start":{"line":33,"column":2},"end":{"line":33,"column":3}},"loc":{"start":{"line":33,"column":16},"end":{"line":40,"column":3}},"line":33},"7":{"name":"(anonymous_7)","decl":{"start":{"line":44,"column":2},"end":{"line":44,"column":3}},"loc":{"start":{"line":44,"column":59},"end":{"line":50,"column":3}},"line":44},"8":{"name":"(anonymous_8)","decl":{"start":{"line":52,"column":2},"end":{"line":52,"column":3}},"loc":{"start":{"line":52,"column":14},"end":{"line":54,"column":3}},"line":52},"9":{"name":"(anonymous_9)","decl":{"start":{"line":56,"column":2},"end":{"line":56,"column":3}},"loc":{"start":{"line":56,"column":12},"end":{"line":58,"column":3}},"line":56},"10":{"name":"(anonymous_10)","decl":{"start":{"line":60,"column":2},"end":{"line":60,"column":3}},"loc":{"start":{"line":60,"column":15},"end":{"line":62,"column":3}},"line":60},"11":{"name":"(anonymous_11)","decl":{"start":{"line":64,"column":2},"end":{"line":64,"column":3}},"loc":{"start":{"line":64,"column":12},"end":{"line":66,"column":3}},"line":64},"12":{"name":"(anonymous_12)","decl":{"start":{"line":68,"column":2},"end":{"line":68,"column":3}},"loc":{"start":{"line":68,"column":16},"end":{"line":76,"column":3}},"line":68},"13":{"name":"(anonymous_13)","decl":{"start":{"line":79,"column":2},"end":{"line":79,"column":3}},"loc":{"start":{"line":87,"column":4},"end":{"line":95,"column":3}},"line":87},"14":{"name":"(anonymous_14)","decl":{"start":{"line":97,"column":2},"end":{"line":97,"column":3}},"loc":{"start":{"line":97,"column":14},"end":{"line":99,"column":3}},"line":97},"15":{"name":"(anonymous_15)","decl":{"start":{"line":101,"column":2},"end":{"line":101,"column":3}},"loc":{"start":{"line":101,"column":18},"end":{"line":103,"column":3}},"line":101},"16":{"name":"(anonymous_16)","decl":{"start":{"line":105,"column":2},"end":{"line":105,"column":3}},"loc":{"start":{"line":105,"column":15},"end":{"line":107,"column":3}},"line":105},"17":{"name":"(anonymous_17)","decl":{"start":{"line":109,"column":2},"end":{"line":109,"column":3}},"loc":{"start":{"line":109,"column":12},"end":{"line":111,"column":3}},"line":109},"18":{"name":"(anonymous_18)","decl":{"start":{"line":113,"column":2},"end":{"line":113,"column":3}},"loc":{"start":{"line":113,"column":11},"end":{"line":115,"column":3}},"line":113},"19":{"name":"(anonymous_19)","decl":{"start":{"line":117,"column":2},"end":{"line":117,"column":3}},"loc":{"start":{"line":117,"column":16},"end":{"line":119,"column":3}},"line":117},"20":{"name":"(anonymous_20)","decl":{"start":{"line":121,"column":2},"end":{"line":121,"column":3}},"loc":{"start":{"line":121,"column":24},"end":{"line":123,"column":3}},"line":121},"21":{"name":"(anonymous_21)","decl":{"start":{"line":125,"column":2},"end":{"line":125,"column":3}},"loc":{"start":{"line":125,"column":20},"end":{"line":127,"column":3}},"line":125},"22":{"name":"(anonymous_22)","decl":{"start":{"line":129,"column":2},"end":{"line":129,"column":3}},"loc":{"start":{"line":129,"column":16},"end":{"line":140,"column":3}},"line":129}},"branchMap":{"0":{"loc":{"start":{"line":4,"column":20},"end":{"line":4,"column":36}},"type":"default-arg","locations":[{"start":{"line":4,"column":27},"end":{"line":4,"column":36}}],"line":4},"1":{"loc":{"start":{"line":44,"column":48},"end":{"line":44,"column":57}},"type":"default-arg","locations":[{"start":{"line":44,"column":55},"end":{"line":44,"column":57}}],"line":44},"2":{"loc":{"start":{"line":85,"column":4},"end":{"line":85,"column":17}},"type":"default-arg","locations":[{"start":{"line":85,"column":13},"end":{"line":85,"column":17}}],"line":85},"3":{"loc":{"start":{"line":86,"column":4},"end":{"line":86,"column":45}},"type":"default-arg","locations":[{"start":{"line":86,"column":15},"end":{"line":86,"column":45}}],"line":86},"4":{"loc":{"start":{"line":86,"column":15},"end":{"line":86,"column":45}},"type":"cond-expr","locations":[{"start":{"line":86,"column":36},"end":{"line":86,"column":38}},{"start":{"line":86,"column":41},"end":{"line":86,"column":45}}],"line":86}},"s":{"0":3,"1":39,"2":39,"3":0,"4":0,"5":6,"6":6,"7":6,"8":0,"9":2,"10":0,"11":24,"12":24,"13":24,"14":24,"15":24,"16":0,"17":0,"18":0,"19":0,"20":1,"21":9,"22":9,"23":9,"24":9,"25":9,"26":9,"27":9,"28":0,"29":90,"30":9,"31":95,"32":9,"33":0,"34":3,"35":9,"36":0,"37":3},"f":{"0":39,"1":0,"2":0,"3":6,"4":0,"5":2,"6":0,"7":24,"8":0,"9":0,"10":0,"11":0,"12":1,"13":9,"14":0,"15":90,"16":9,"17":95,"18":9,"19":0,"20":3,"21":9,"22":0},"b":{"0":[0],"1":[24],"2":[9],"3":[9],"4":[3,6]},"_coverageSchema":"332fd63041d2c1bcb487cc26dd0d5f7d97098a6c","hash":"3b0c92e7164788390e593677090c3e1bfc22d9cd"}
,"/Users/mrzgmac/programming/dz4/git/helpers/branch.js": {"path":"/Users/mrzgmac/programming/dz4/git/helpers/branch.js","statementMap":{"0":{"start":{"line":1,"column":19},"end":{"line":1,"column":39}},"1":{"start":{"line":3,"column":28},"end":{"line":3,"column":59}},"2":{"start":{"line":5,"column":33},"end":{"line":14,"column":1}},"3":{"start":{"line":6,"column":29},"end":{"line":6,"column":46}},"4":{"start":{"line":6,"column":34},"end":{"line":6,"column":46}},"5":{"start":{"line":7,"column":20},"end":{"line":7,"column":40}},"6":{"start":{"line":8,"column":2},"end":{"line":11,"column":3}},"7":{"start":{"line":9,"column":32},"end":{"line":9,"column":41}},"8":{"start":{"line":10,"column":4},"end":{"line":10,"column":45}},"9":{"start":{"line":12,"column":30},"end":{"line":12,"column":39}},"10":{"start":{"line":13,"column":2},"end":{"line":13,"column":44}},"11":{"start":{"line":16,"column":29},"end":{"line":20,"column":1}},"12":{"start":{"line":17,"column":16},"end":{"line":17,"column":59}},"13":{"start":{"line":18,"column":19},"end":{"line":18,"column":54}},"14":{"start":{"line":19,"column":2},"end":{"line":19,"column":18}},"15":{"start":{"line":22,"column":24},"end":{"line":25,"column":1}},"16":{"start":{"line":23,"column":18},"end":{"line":23,"column":61}},"17":{"start":{"line":24,"column":2},"end":{"line":24,"column":46}},"18":{"start":{"line":27,"column":0},"end":{"line":30,"column":2}}},"fnMap":{"0":{"name":"(anonymous_0)","decl":{"start":{"line":5,"column":33},"end":{"line":5,"column":34}},"loc":{"start":{"line":5,"column":43},"end":{"line":14,"column":1}},"line":5},"1":{"name":"(anonymous_1)","decl":{"start":{"line":6,"column":29},"end":{"line":6,"column":30}},"loc":{"start":{"line":6,"column":34},"end":{"line":6,"column":46}},"line":6},"2":{"name":"(anonymous_2)","decl":{"start":{"line":16,"column":29},"end":{"line":16,"column":30}},"loc":{"start":{"line":16,"column":39},"end":{"line":20,"column":1}},"line":16},"3":{"name":"(anonymous_3)","decl":{"start":{"line":22,"column":24},"end":{"line":22,"column":25}},"loc":{"start":{"line":22,"column":39},"end":{"line":25,"column":1}},"line":22}},"branchMap":{"0":{"loc":{"start":{"line":8,"column":2},"end":{"line":11,"column":3}},"type":"if","locations":[{"start":{"line":8,"column":2},"end":{"line":11,"column":3}},{"start":{"line":8,"column":2},"end":{"line":11,"column":3}}],"line":8}},"s":{"0":1,"1":1,"2":1,"3":6,"4":6,"5":6,"6":6,"7":3,"8":3,"9":3,"10":3,"11":1,"12":3,"13":3,"14":3,"15":1,"16":0,"17":0,"18":1},"f":{"0":6,"1":6,"2":3,"3":0},"b":{"0":[3,3]},"_coverageSchema":"332fd63041d2c1bcb487cc26dd0d5f7d97098a6c","hash":"36e94af601aed75d633eaf9a63d373413d78bc8d"}
,"/Users/mrzgmac/programming/dz4/git/helpers/log.js": {"path":"/Users/mrzgmac/programming/dz4/git/helpers/log.js","statementMap":{"0":{"start":{"line":1,"column":19},"end":{"line":1,"column":39}},"1":{"start":{"line":2,"column":28},"end":{"line":2,"column":56}},"2":{"start":{"line":4,"column":35},"end":{"line":7,"column":1}},"3":{"start":{"line":5,"column":40},"end":{"line":5,"column":57}},"4":{"start":{"line":6,"column":2},"end":{"line":6,"column":49}},"5":{"start":{"line":9,"column":26},"end":{"line":13,"column":1}},"6":{"start":{"line":10,"column":16},"end":{"line":10,"column":32}},"7":{"start":{"line":11,"column":21},"end":{"line":11,"column":58}},"8":{"start":{"line":12,"column":2},"end":{"line":12,"column":20}},"9":{"start":{"line":15,"column":21},"end":{"line":19,"column":1}},"10":{"start":{"line":16,"column":18},"end":{"line":16,"column":82}},"11":{"start":{"line":17,"column":18},"end":{"line":17,"column":57}},"12":{"start":{"line":18,"column":2},"end":{"line":18,"column":43}},"13":{"start":{"line":21,"column":0},"end":{"line":24,"column":2}}},"fnMap":{"0":{"name":"(anonymous_0)","decl":{"start":{"line":4,"column":35},"end":{"line":4,"column":36}},"loc":{"start":{"line":4,"column":45},"end":{"line":7,"column":1}},"line":4},"1":{"name":"(anonymous_1)","decl":{"start":{"line":9,"column":26},"end":{"line":9,"column":27}},"loc":{"start":{"line":9,"column":36},"end":{"line":13,"column":1}},"line":9},"2":{"name":"(anonymous_2)","decl":{"start":{"line":15,"column":21},"end":{"line":15,"column":22}},"loc":{"start":{"line":15,"column":46},"end":{"line":19,"column":1}},"line":15}},"branchMap":{},"s":{"0":1,"1":1,"2":1,"3":24,"4":24,"5":1,"6":3,"7":3,"8":3,"9":1,"10":0,"11":0,"12":0,"13":1},"f":{"0":24,"1":3,"2":0},"b":{},"_coverageSchema":"332fd63041d2c1bcb487cc26dd0d5f7d97098a6c","hash":"648cb1d6f20b914555c358894b74eef7efc5ffc6"}
,"/Users/mrzgmac/programming/dz4/git/helpers/lstree.js": {"path":"/Users/mrzgmac/programming/dz4/git/helpers/lstree.js","statementMap":{"0":{"start":{"line":1,"column":13},"end":{"line":1,"column":28}},"1":{"start":{"line":2,"column":20},"end":{"line":2,"column":40}},"2":{"start":{"line":4,"column":28},"end":{"line":4,"column":59}},"3":{"start":{"line":6,"column":19},"end":{"line":12,"column":1}},"4":{"start":{"line":7,"column":36},"end":{"line":7,"column":62}},"5":{"start":{"line":8,"column":14},"end":{"line":8,"column":36}},"6":{"start":{"line":9,"column":15},"end":{"line":9,"column":38}},"7":{"start":{"line":10,"column":21},"end":{"line":10,"column":60}},"8":{"start":{"line":11,"column":2},"end":{"line":11,"column":59}},"9":{"start":{"line":14,"column":29},"end":{"line":35,"column":1}},"10":{"start":{"line":15,"column":27},"end":{"line":18,"column":3}},"11":{"start":{"line":16,"column":21},"end":{"line":16,"column":79}},"12":{"start":{"line":16,"column":42},"end":{"line":16,"column":78}},"13":{"start":{"line":17,"column":4},"end":{"line":17,"column":20}},"14":{"start":{"line":19,"column":25},"end":{"line":22,"column":3}},"15":{"start":{"line":20,"column":19},"end":{"line":20,"column":75}},"16":{"start":{"line":20,"column":38},"end":{"line":20,"column":74}},"17":{"start":{"line":21,"column":4},"end":{"line":21,"column":26}},"18":{"start":{"line":23,"column":16},"end":{"line":23,"column":59}},"19":{"start":{"line":24,"column":16},"end":{"line":24,"column":37}},"20":{"start":{"line":25,"column":2},"end":{"line":33,"column":5}},"21":{"start":{"line":26,"column":20},"end":{"line":26,"column":37}},"22":{"start":{"line":27,"column":4},"end":{"line":30,"column":5}},"23":{"start":{"line":28,"column":23},"end":{"line":28,"column":52}},"24":{"start":{"line":29,"column":6},"end":{"line":29,"column":33}},"25":{"start":{"line":31,"column":23},"end":{"line":31,"column":50}},"26":{"start":{"line":32,"column":4},"end":{"line":32,"column":31}},"27":{"start":{"line":34,"column":2},"end":{"line":34,"column":15}},"28":{"start":{"line":37,"column":14},"end":{"line":40,"column":1}},"29":{"start":{"line":38,"column":18},"end":{"line":38,"column":71}},"30":{"start":{"line":39,"column":2},"end":{"line":39,"column":46}},"31":{"start":{"line":42,"column":18},"end":{"line":45,"column":1}},"32":{"start":{"line":43,"column":18},"end":{"line":43,"column":83}},"33":{"start":{"line":44,"column":2},"end":{"line":44,"column":46}},"34":{"start":{"line":47,"column":0},"end":{"line":51,"column":2}}},"fnMap":{"0":{"name":"(anonymous_0)","decl":{"start":{"line":6,"column":19},"end":{"line":6,"column":20}},"loc":{"start":{"line":6,"column":29},"end":{"line":12,"column":1}},"line":6},"1":{"name":"(anonymous_1)","decl":{"start":{"line":14,"column":29},"end":{"line":14,"column":30}},"loc":{"start":{"line":14,"column":39},"end":{"line":35,"column":1}},"line":14},"2":{"name":"(anonymous_2)","decl":{"start":{"line":15,"column":27},"end":{"line":15,"column":28}},"loc":{"start":{"line":15,"column":47},"end":{"line":18,"column":3}},"line":15},"3":{"name":"(anonymous_3)","decl":{"start":{"line":16,"column":37},"end":{"line":16,"column":38}},"loc":{"start":{"line":16,"column":42},"end":{"line":16,"column":78}},"line":16},"4":{"name":"(anonymous_4)","decl":{"start":{"line":19,"column":25},"end":{"line":19,"column":26}},"loc":{"start":{"line":19,"column":45},"end":{"line":22,"column":3}},"line":19},"5":{"name":"(anonymous_5)","decl":{"start":{"line":20,"column":33},"end":{"line":20,"column":34}},"loc":{"start":{"line":20,"column":38},"end":{"line":20,"column":74}},"line":20},"6":{"name":"(anonymous_6)","decl":{"start":{"line":25,"column":16},"end":{"line":25,"column":17}},"loc":{"start":{"line":25,"column":26},"end":{"line":33,"column":3}},"line":25},"7":{"name":"(anonymous_7)","decl":{"start":{"line":37,"column":14},"end":{"line":37,"column":15}},"loc":{"start":{"line":37,"column":39},"end":{"line":40,"column":1}},"line":37},"8":{"name":"(anonymous_8)","decl":{"start":{"line":42,"column":18},"end":{"line":42,"column":19}},"loc":{"start":{"line":42,"column":49},"end":{"line":45,"column":1}},"line":42}},"branchMap":{"0":{"loc":{"start":{"line":10,"column":21},"end":{"line":10,"column":60}},"type":"cond-expr","locations":[{"start":{"line":10,"column":35},"end":{"line":10,"column":39}},{"start":{"line":10,"column":42},"end":{"line":10,"column":60}}],"line":10},"1":{"loc":{"start":{"line":21,"column":11},"end":{"line":21,"column":25}},"type":"binary-expr","locations":[{"start":{"line":21,"column":11},"end":{"line":21,"column":17}},{"start":{"line":21,"column":21},"end":{"line":21,"column":25}}],"line":21},"2":{"loc":{"start":{"line":27,"column":4},"end":{"line":30,"column":5}},"type":"if","locations":[{"start":{"line":27,"column":4},"end":{"line":30,"column":5}},{"start":{"line":27,"column":4},"end":{"line":30,"column":5}}],"line":27}},"s":{"0":1,"1":1,"2":1,"3":1,"4":9,"5":9,"6":9,"7":9,"8":9,"9":1,"10":1,"11":3,"12":27,"13":3,"14":1,"15":9,"16":63,"17":9,"18":1,"19":1,"20":1,"21":9,"22":9,"23":3,"24":3,"25":9,"26":9,"27":1,"28":1,"29":0,"30":0,"31":1,"32":0,"33":0,"34":1},"f":{"0":9,"1":1,"2":3,"3":27,"4":9,"5":63,"6":9,"7":0,"8":0},"b":{"0":[5,4],"1":[9,5],"2":[3,6]},"_coverageSchema":"332fd63041d2c1bcb487cc26dd0d5f7d97098a6c","hash":"4f1effb14bf721719989310abf4c75dd72e0f44e"}
,"/Users/mrzgmac/programming/dz4/utils/utils.js": {"path":"/Users/mrzgmac/programming/dz4/utils/utils.js","statementMap":{"0":{"start":{"line":1,"column":11},"end":{"line":1,"column":35}},"1":{"start":{"line":2,"column":13},"end":{"line":2,"column":28}},"2":{"start":{"line":3,"column":11},"end":{"line":3,"column":24}},"3":{"start":{"line":5,"column":24},"end":{"line":13,"column":4}},"4":{"start":{"line":5,"column":35},"end":{"line":13,"column":4}},"5":{"start":{"line":6,"column":2},"end":{"line":13,"column":4}},"6":{"start":{"line":7,"column":4},"end":{"line":12,"column":7}},"7":{"start":{"line":8,"column":6},"end":{"line":10,"column":7}},"8":{"start":{"line":9,"column":8},"end":{"line":9,"column":27}},"9":{"start":{"line":11,"column":6},"end":{"line":11,"column":41}},"10":{"start":{"line":15,"column":27},"end":{"line":23,"column":4}},"11":{"start":{"line":16,"column":2},"end":{"line":23,"column":4}},"12":{"start":{"line":17,"column":4},"end":{"line":22,"column":7}},"13":{"start":{"line":18,"column":6},"end":{"line":20,"column":7}},"14":{"start":{"line":19,"column":8},"end":{"line":19,"column":20}},"15":{"start":{"line":21,"column":6},"end":{"line":21,"column":21}},"16":{"start":{"line":25,"column":19},"end":{"line":25,"column":60}},"17":{"start":{"line":25,"column":25},"end":{"line":25,"column":60}},"18":{"start":{"line":26,"column":19},"end":{"line":26,"column":79}},"19":{"start":{"line":26,"column":27},"end":{"line":26,"column":79}},"20":{"start":{"line":27,"column":25},"end":{"line":27,"column":87}},"21":{"start":{"line":27,"column":40},"end":{"line":27,"column":87}},"22":{"start":{"line":29,"column":0},"end":{"line":35,"column":2}}},"fnMap":{"0":{"name":"(anonymous_0)","decl":{"start":{"line":5,"column":24},"end":{"line":5,"column":25}},"loc":{"start":{"line":5,"column":35},"end":{"line":13,"column":4}},"line":5},"1":{"name":"(anonymous_1)","decl":{"start":{"line":5,"column":35},"end":{"line":5,"column":36}},"loc":{"start":{"line":6,"column":2},"end":{"line":13,"column":4}},"line":6},"2":{"name":"(anonymous_2)","decl":{"start":{"line":6,"column":14},"end":{"line":6,"column":15}},"loc":{"start":{"line":6,"column":35},"end":{"line":13,"column":3}},"line":6},"3":{"name":"(anonymous_3)","decl":{"start":{"line":7,"column":35},"end":{"line":7,"column":36}},"loc":{"start":{"line":7,"column":60},"end":{"line":12,"column":5}},"line":7},"4":{"name":"(anonymous_4)","decl":{"start":{"line":15,"column":27},"end":{"line":15,"column":28}},"loc":{"start":{"line":16,"column":2},"end":{"line":23,"column":4}},"line":16},"5":{"name":"(anonymous_5)","decl":{"start":{"line":16,"column":14},"end":{"line":16,"column":15}},"loc":{"start":{"line":16,"column":35},"end":{"line":23,"column":3}},"line":16},"6":{"name":"(anonymous_6)","decl":{"start":{"line":17,"column":20},"end":{"line":17,"column":21}},"loc":{"start":{"line":17,"column":36},"end":{"line":22,"column":5}},"line":17},"7":{"name":"(anonymous_7)","decl":{"start":{"line":25,"column":19},"end":{"line":25,"column":20}},"loc":{"start":{"line":25,"column":25},"end":{"line":25,"column":60}},"line":25},"8":{"name":"(anonymous_8)","decl":{"start":{"line":26,"column":19},"end":{"line":26,"column":20}},"loc":{"start":{"line":26,"column":27},"end":{"line":26,"column":79}},"line":26},"9":{"name":"(anonymous_9)","decl":{"start":{"line":27,"column":25},"end":{"line":27,"column":26}},"loc":{"start":{"line":27,"column":40},"end":{"line":27,"column":87}},"line":27}},"branchMap":{"0":{"loc":{"start":{"line":8,"column":6},"end":{"line":10,"column":7}},"type":"if","locations":[{"start":{"line":8,"column":6},"end":{"line":10,"column":7}},{"start":{"line":8,"column":6},"end":{"line":10,"column":7}}],"line":8},"1":{"loc":{"start":{"line":18,"column":6},"end":{"line":20,"column":7}},"type":"if","locations":[{"start":{"line":18,"column":6},"end":{"line":20,"column":7}},{"start":{"line":18,"column":6},"end":{"line":20,"column":7}}],"line":18}},"s":{"0":3,"1":3,"2":3,"3":3,"4":0,"5":0,"6":0,"7":0,"8":0,"9":0,"10":3,"11":0,"12":0,"13":0,"14":0,"15":0,"16":3,"17":0,"18":3,"19":0,"20":3,"21":0,"22":3},"f":{"0":0,"1":0,"2":0,"3":0,"4":0,"5":0,"6":0,"7":0,"8":0,"9":0},"b":{"0":[0,0],"1":[0,0]},"_coverageSchema":"332fd63041d2c1bcb487cc26dd0d5f7d97098a6c","hash":"4d075be7815c70c3933d6a4c60caabaed402ba55"}
}
