TN:
SF:/Users/mrzgmac/programming/dz4/git/models.js
FN:4,(anonymous_0)
FN:9,(anonymous_1)
FN:13,(anonymous_2)
FN:19,(anonymous_3)
FN:25,(anonymous_4)
FN:29,(anonymous_5)
FN:33,(anonymous_6)
FN:44,(anonymous_7)
FN:52,(anonymous_8)
FN:56,(anonymous_9)
FN:60,(anonymous_10)
FN:64,(anonymous_11)
FN:68,(anonymous_12)
FN:79,(anonymous_13)
FN:97,(anonymous_14)
FN:101,(anonymous_15)
FN:105,(anonymous_16)
FN:109,(anonymous_17)
FN:113,(anonymous_18)
FN:117,(anonymous_19)
FN:121,(anonymous_20)
FN:125,(anonymous_21)
FN:129,(anonymous_22)
FNF:23
FNH:12
FNDA:39,(anonymous_0)
FNDA:0,(anonymous_1)
FNDA:0,(anonymous_2)
FNDA:6,(anonymous_3)
FNDA:0,(anonymous_4)
FNDA:2,(anonymous_5)
FNDA:0,(anonymous_6)
FNDA:24,(anonymous_7)
FNDA:0,(anonymous_8)
FNDA:0,(anonymous_9)
FNDA:0,(anonymous_10)
FNDA:0,(anonymous_11)
FNDA:1,(anonymous_12)
FNDA:9,(anonymous_13)
FNDA:0,(anonymous_14)
FNDA:90,(anonymous_15)
FNDA:9,(anonymous_16)
FNDA:95,(anonymous_17)
FNDA:9,(anonymous_18)
FNDA:0,(anonymous_19)
FNDA:3,(anonymous_20)
FNDA:9,(anonymous_21)
FNDA:0,(anonymous_22)
DA:1,3
DA:5,39
DA:6,39
DA:10,0
DA:14,0
DA:20,6
DA:21,6
DA:22,6
DA:26,0
DA:30,2
DA:34,0
DA:45,24
DA:46,24
DA:47,24
DA:48,24
DA:49,24
DA:53,0
DA:57,0
DA:61,0
DA:65,0
DA:69,1
DA:88,9
DA:89,9
DA:90,9
DA:91,9
DA:92,9
DA:93,9
DA:94,9
DA:98,0
DA:102,90
DA:106,9
DA:110,95
DA:114,9
DA:118,0
DA:122,3
DA:126,9
DA:130,0
DA:143,3
LF:38
LH:27
BRDA:4,0,0,0
BRDA:44,1,0,24
BRDA:85,2,0,9
BRDA:86,3,0,9
BRDA:86,4,0,3
BRDA:86,4,1,6
BRF:6
BRH:5
end_of_record
TN:
SF:/Users/mrzgmac/programming/dz4/git/helpers/branch.js
FN:5,(anonymous_0)
FN:6,(anonymous_1)
FN:16,(anonymous_2)
FN:22,(anonymous_3)
FNF:4
FNH:3
FNDA:6,(anonymous_0)
FNDA:6,(anonymous_1)
FNDA:3,(anonymous_2)
FNDA:0,(anonymous_3)
DA:1,1
DA:3,1
DA:5,1
DA:6,6
DA:7,6
DA:8,6
DA:9,3
DA:10,3
DA:12,3
DA:13,3
DA:16,1
DA:17,3
DA:18,3
DA:19,3
DA:22,1
DA:23,0
DA:24,0
DA:27,1
LF:18
LH:16
BRDA:8,0,0,3
BRDA:8,0,1,3
BRF:2
BRH:2
end_of_record
TN:
SF:/Users/mrzgmac/programming/dz4/git/helpers/log.js
FN:4,(anonymous_0)
FN:9,(anonymous_1)
FN:15,(anonymous_2)
FNF:3
FNH:2
FNDA:24,(anonymous_0)
FNDA:3,(anonymous_1)
FNDA:0,(anonymous_2)
DA:1,1
DA:2,1
DA:4,1
DA:5,24
DA:6,24
DA:9,1
DA:10,3
DA:11,3
DA:12,3
DA:15,1
DA:16,0
DA:17,0
DA:18,0
DA:21,1
LF:14
LH:11
BRF:0
BRH:0
end_of_record
TN:
SF:/Users/mrzgmac/programming/dz4/git/helpers/lstree.js
FN:6,(anonymous_0)
FN:14,(anonymous_1)
FN:15,(anonymous_2)
FN:16,(anonymous_3)
FN:19,(anonymous_4)
FN:20,(anonymous_5)
FN:25,(anonymous_6)
FN:37,(anonymous_7)
FN:42,(anonymous_8)
FNF:9
FNH:7
FNDA:9,(anonymous_0)
FNDA:1,(anonymous_1)
FNDA:3,(anonymous_2)
FNDA:27,(anonymous_3)
FNDA:9,(anonymous_4)
FNDA:63,(anonymous_5)
FNDA:9,(anonymous_6)
FNDA:0,(anonymous_7)
FNDA:0,(anonymous_8)
DA:1,1
DA:2,1
DA:4,1
DA:6,1
DA:7,9
DA:8,9
DA:9,9
DA:10,9
DA:11,9
DA:14,1
DA:15,1
DA:16,27
DA:17,3
DA:19,1
DA:20,63
DA:21,9
DA:23,1
DA:24,1
DA:25,1
DA:26,9
DA:27,9
DA:28,3
DA:29,3
DA:31,9
DA:32,9
DA:34,1
DA:37,1
DA:38,0
DA:39,0
DA:42,1
DA:43,0
DA:44,0
DA:47,1
LF:33
LH:29
BRDA:10,0,0,5
BRDA:10,0,1,4
BRDA:21,1,0,9
BRDA:21,1,1,5
BRDA:27,2,0,3
BRDA:27,2,1,6
BRF:6
BRH:6
end_of_record
TN:
SF:/Users/mrzgmac/programming/dz4/utils/utils.js
FN:5,(anonymous_0)
FN:5,(anonymous_1)
FN:6,(anonymous_2)
FN:7,(anonymous_3)
FN:15,(anonymous_4)
FN:16,(anonymous_5)
FN:17,(anonymous_6)
FN:25,(anonymous_7)
FN:26,(anonymous_8)
FN:27,(anonymous_9)
FNF:10
FNH:0
FNDA:0,(anonymous_0)
FNDA:0,(anonymous_1)
FNDA:0,(anonymous_2)
FNDA:0,(anonymous_3)
FNDA:0,(anonymous_4)
FNDA:0,(anonymous_5)
FNDA:0,(anonymous_6)
FNDA:0,(anonymous_7)
FNDA:0,(anonymous_8)
FNDA:0,(anonymous_9)
DA:1,3
DA:2,3
DA:3,3
DA:5,3
DA:6,0
DA:7,0
DA:8,0
DA:9,0
DA:11,0
DA:15,3
DA:16,0
DA:17,0
DA:18,0
DA:19,0
DA:21,0
DA:25,3
DA:26,3
DA:27,3
DA:29,3
LF:19
LH:9
BRDA:8,0,0,0
BRDA:8,0,1,0
BRDA:18,1,0,0
BRDA:18,1,1,0
BRF:4
BRH:0
end_of_record
